<?xml version="1.0" encoding="UTF-8"?>
<testng-results ignored="0" total="1" passed="1" failed="0" skipped="0">
  <reporter-output>
  </reporter-output>
  <suite started-at="2022-11-22T05:26:37 IST" name="Suite" finished-at="2022-11-22T05:26:58 IST" duration-ms="20496">
    <groups>
    </groups>
    <test started-at="2022-11-22T05:26:37 IST" name="Test" finished-at="2022-11-22T05:26:58 IST" duration-ms="20496">
      <class name="com.crmpro.crmselenium.tests.LoginPageTest">
        <test-method is-config="true" signature="setUp()[pri:0, instance:com.crmpro.crmselenium.tests.LoginPageTest@19bb07ed]" started-at="2022-11-22T05:26:37 IST" name="setUp" finished-at="2022-11-22T05:26:50 IST" duration-ms="12690" status="PASS">
          <reporter-output>
          </reporter-output>
        </test-method> <!-- setUp -->
        <test-method signature="verifyLogin()[pri:0, instance:com.crmpro.crmselenium.tests.LoginPageTest@19bb07ed]" started-at="2022-11-22T05:26:50 IST" name="verifyLogin" finished-at="2022-11-22T05:26:57 IST" duration-ms="7028" status="PASS">
          <reporter-output>
          </reporter-output>
        </test-method> <!-- verifyLogin -->
        <test-method is-config="true" signature="tearDown()[pri:0, instance:com.crmpro.crmselenium.tests.LoginPageTest@19bb07ed]" started-at="2022-11-22T05:26:57 IST" name="tearDown" finished-at="2022-11-22T05:26:58 IST" duration-ms="735" status="PASS">
          <reporter-output>
          </reporter-output>
        </test-method> <!-- tearDown -->
      </class> <!-- com.crmpro.crmselenium.tests.LoginPageTest -->
    </test> <!-- Test -->
  </suite> <!-- Suite -->
</testng-results>
